0 info it worked if it ends with ok
1 verbose cli [ '/home/hs/sw/iojs-v2.0.0-linux-x64/bin/iojs',
1 verbose cli   '/home/hs/sw/npm/bin/npm',
1 verbose cli   'version',
1 verbose cli   'minor' ]
2 info using npm@2.7.5
3 info using node@v2.0.0
4 info git [ 'status', '--porcelain' ]
5 verbose stack Error: Git working directory not clean.
5 verbose stack M .gitignore
5 verbose stack M README.md
5 verbose stack M package.json
5 verbose stack R  index.js -> src/index.js
5 verbose stack R  lib/accordion.js -> src/lib/accordion.js
5 verbose stack R  lib/base.js -> src/lib/base.js
5 verbose stack R  lib/bom.js -> src/lib/bom.js
5 verbose stack R  lib/confirm-retract.js -> src/lib/confirm-retract.js
5 verbose stack R  lib/display.js -> src/lib/display.js
5 verbose stack R  lib/fixed-table.js -> src/lib/fixed-table.js
5 verbose stack R  lib/group.js -> src/lib/group.js
5 verbose stack R  lib/html.js -> src/lib/html.js
5 verbose stack R  lib/label.js -> src/lib/label.js
5 verbose stack R  lib/linear-aggregation.js -> src/lib/linear-aggregation.js
5 verbose stack R  lib/names.js -> src/lib/names.js
5 verbose stack R  lib/op.js -> src/lib/op.js
5 verbose stack R  lib/panel.js -> src/lib/panel.js
5 verbose stack R  lib/path.js -> src/lib/path.js
5 verbose stack R  lib/primitives.js -> src/lib/primitives.js
5 verbose stack R  lib/problems.js -> src/lib/problems.js
5 verbose stack R  lib/quantification.js -> src/lib/quantification.js
5 verbose stack R  lib/root.js -> src/lib/root.js
5 verbose stack R  lib/select.js -> src/lib/select.js
5 verbose stack R  lib/tabbed-area.js -> src/lib/tabbed-area.js
5 verbose stack R  lib/table.js -> src/lib/table.js
5 verbose stack R  lib/toc.js -> src/lib/toc.js
5 verbose stack R  lib/util.js -> src/lib/util.js
5 verbose stack R  lib/validation.js -> src/lib/validation.js
5 verbose stack R  lib/visualization.js -> src/lib/visualization.js
5 verbose stack R  lib/workbench.js -> src/lib/workbench.js
5 verbose stack R  openCPQ-logo-black-100x41.png -> src/openCPQ-logo-black-100x41.png
5 verbose stack R  style.css -> src/style.css
5 verbose stack     at /home/hs/sw/npm/lib/node_modules/npm/lib/version.js:138:37
5 verbose stack     at /home/hs/sw/npm/lib/node_modules/npm/lib/utils/git.js:26:8
5 verbose stack     at ChildProcess.exithandler (child_process.js:676:7)
5 verbose stack     at emitTwo (events.js:87:13)
5 verbose stack     at ChildProcess.emit (events.js:169:7)
5 verbose stack     at maybeClose (child_process.js:953:16)
5 verbose stack     at Socket.<anonymous> (child_process.js:1114:11)
5 verbose stack     at emitOne (events.js:77:13)
5 verbose stack     at Socket.emit (events.js:166:7)
5 verbose stack     at Pipe._onclose (net.js:456:12)
6 verbose cwd /home/hs/openCPQ/node_modules/opencpq
7 error Linux 3.13.0-36-generic
8 error argv "/home/hs/sw/iojs-v2.0.0-linux-x64/bin/iojs" "/home/hs/sw/npm/bin/npm" "version" "minor"
9 error node v2.0.0
10 error npm  v2.7.5
11 error Git working directory not clean.
11 error M .gitignore
11 error M README.md
11 error M package.json
11 error R  index.js -> src/index.js
11 error R  lib/accordion.js -> src/lib/accordion.js
11 error R  lib/base.js -> src/lib/base.js
11 error R  lib/bom.js -> src/lib/bom.js
11 error R  lib/confirm-retract.js -> src/lib/confirm-retract.js
11 error R  lib/display.js -> src/lib/display.js
11 error R  lib/fixed-table.js -> src/lib/fixed-table.js
11 error R  lib/group.js -> src/lib/group.js
11 error R  lib/html.js -> src/lib/html.js
11 error R  lib/label.js -> src/lib/label.js
11 error R  lib/linear-aggregation.js -> src/lib/linear-aggregation.js
11 error R  lib/names.js -> src/lib/names.js
11 error R  lib/op.js -> src/lib/op.js
11 error R  lib/panel.js -> src/lib/panel.js
11 error R  lib/path.js -> src/lib/path.js
11 error R  lib/primitives.js -> src/lib/primitives.js
11 error R  lib/problems.js -> src/lib/problems.js
11 error R  lib/quantification.js -> src/lib/quantification.js
11 error R  lib/root.js -> src/lib/root.js
11 error R  lib/select.js -> src/lib/select.js
11 error R  lib/tabbed-area.js -> src/lib/tabbed-area.js
11 error R  lib/table.js -> src/lib/table.js
11 error R  lib/toc.js -> src/lib/toc.js
11 error R  lib/util.js -> src/lib/util.js
11 error R  lib/validation.js -> src/lib/validation.js
11 error R  lib/visualization.js -> src/lib/visualization.js
11 error R  lib/workbench.js -> src/lib/workbench.js
11 error R  openCPQ-logo-black-100x41.png -> src/openCPQ-logo-black-100x41.png
11 error R  style.css -> src/style.css
12 error If you need help, you may report this error at:
12 error     <https://github.com/npm/npm/issues>
13 verbose exit [ 1, true ]
